<?xml version="1.0" encoding="UTF-8"?>
<testsuite xmlns:xsi="http://www.w3.org/2001/XMLSchema-instance" xsi:noNamespaceSchemaLocation="https://maven.apache.org/surefire/maven-surefire-plugin/xsd/surefire-test-report-3.0.xsd" version="3.0" name="com.example.hdt.HdtApplicationTests" time="18.987" tests="1" errors="0" skipped="0" failures="0">
  <properties>
[...]
</properties>
  <testcase name="testGetPatient" classname="com.example.hdt.HdtApplicationTests" time="5.306">
    <system-out><![CDATA[14:49:40.131 [main] INFO org.springframework.test.context.support.AnnotationConfigContextLoaderUtils -- Could not detect default configuration classes for test class [com.example.hdt.HdtApplicationTests]: HdtApplicationTests does not declare any static, non-private, non-final, nested classes annotated with @Configuration.
14:49:40.496 [main] INFO org.springframework.boot.test.context.SpringBootTestContextBootstrapper -- Found @SpringBootConfiguration com.example.hdt.HdtApplication for test class com.example.hdt.HdtApplicationTests

  .   ____          _            __ _ _
 /\\ / ___'_ __ _ _(_)_ __  __ _ \ \ \ \
( ( )\___ | '_ | '_| | '_ \/ _` | \ \ \ \
 \\/  ___)| |_)| | | | | || (_| |  ) ) ) )
  '  |____| .__|_| |_|_| |_\__, | / / / /
 =========|_|==============|___/=/_/_/_/
 :: Spring Boot ::                (v3.2.3)

2024-04-28T14:49:41.675+02:00  INFO 46734 --- [           main] com.example.hdt.HdtApplicationTests      : Starting HdtApplicationTests using Java 17.0.2 with PID 46734 (started by chenyang in /Users/chenyang/Desktop/FullStack_HDT/backend)
2024-04-28T14:49:41.682+02:00  INFO 46734 --- [           main] com.example.hdt.HdtApplicationTests      : No active profile set, falling back to 1 default profile: "default"
2024-04-28T14:49:45.298+02:00  INFO 46734 --- [           main] .s.d.r.c.RepositoryConfigurationDelegate : Bootstrapping Spring Data MongoDB repositories in DEFAULT mode.
2024-04-28T14:49:45.364+02:00  INFO 46734 --- [           main] .s.d.r.c.RepositoryConfigurationDelegate : Finished Spring Data repository scanning in 54 ms. Found 0 MongoDB repository interfaces.
2024-04-28T14:49:47.073+02:00  INFO 46734 --- [           main] org.mongodb.driver.client                : MongoClient with metadata {"application": {"name": "Cluster0"}, "driver": {"name": "mongo-java-driver|sync|spring-boot", "version": "4.11.1"}, "os": {"type": "Darwin", "name": "Mac OS X", "architecture": "x86_64", "version": "12.4"}, "platform": "Java/Oracle Corporation/17.0.2+8-LTS-86"} created with settings MongoClientSettings{readPreference=primary, writeConcern=WriteConcern{w=majority, wTimeout=null ms, journal=null}, retryWrites=true, retryReads=true, readConcern=ReadConcern{level=null}, credential=MongoCredential{mechanism=null, userName='S22Thesis1', source='admin', password=<hidden>, mechanismProperties=<hidden>}, transportSettings=null, streamFactoryFactory=null, commandListeners=[], codecRegistry=ProvidersCodecRegistry{codecProviders=[ValueCodecProvider{}, BsonValueCodecProvider{}, DBRefCodecProvider{}, DBObjectCodecProvider{}, DocumentCodecProvider{}, CollectionCodecProvider{}, IterableCodecProvider{}, MapCodecProvider{}, GeoJsonCodecProvider{}, GridFSFileCodecProvider{}, Jsr310CodecProvider{}, JsonObjectCodecProvider{}, BsonCodecProvider{}, EnumCodecProvider{}, com.mongodb.client.model.mql.ExpressionCodecProvider@3dc95b8b, com.mongodb.Jep395RecordCodecProvider@2d55e826, com.mongodb.KotlinCodecProvider@4d1ff6b1]}, loggerSettings=LoggerSettings{maxDocumentLength=1000}, clusterSettings={hosts=[127.0.0.1:27017], srvHost=cluster0.k7tmgae.mongodb.net, srvServiceName=mongodb, mode=MULTIPLE, requiredClusterType=REPLICA_SET, requiredReplicaSetName='atlas-os9vit-shard-0', serverSelector='null', clusterListeners='[]', serverSelectionTimeout='30000 ms', localThreshold='15 ms'}, socketSettings=SocketSettings{connectTimeoutMS=10000, readTimeoutMS=0, receiveBufferSize=0, proxySettings=ProxySettings{host=null, port=null, username=null, password=null}}, heartbeatSocketSettings=SocketSettings{connectTimeoutMS=10000, readTimeoutMS=10000, receiveBufferSize=0, proxySettings=ProxySettings{host=null, port=null, username=null, password=null}}, connectionPoolSettings=ConnectionPoolSettings{maxSize=100, minSize=0, maxWaitTimeMS=120000, maxConnectionLifeTimeMS=0, maxConnectionIdleTimeMS=0, maintenanceInitialDelayMS=0, maintenanceFrequencyMS=60000, connectionPoolListeners=[], maxConnecting=2}, serverSettings=ServerSettings{heartbeatFrequencyMS=10000, minHeartbeatFrequencyMS=500, serverListeners='[]', serverMonitorListeners='[]'}, sslSettings=SslSettings{enabled=true, invalidHostNameAllowed=false, context=null}, applicationName='Cluster0', compressorList=[], uuidRepresentation=JAVA_LEGACY, serverApi=null, autoEncryptionSettings=null, dnsClient=null, inetAddressResolver=null, contextProvider=null}
2024-04-28T14:49:47.122+02:00  INFO 46734 --- [gae.mongodb.net] org.mongodb.driver.cluster               : Adding discovered server ac-xiqn7vl-shard-00-02.k7tmgae.mongodb.net:27017 to client view of cluster
2024-04-28T14:49:47.240+02:00  INFO 46734 --- [gae.mongodb.net] org.mongodb.driver.cluster               : Adding discovered server ac-xiqn7vl-shard-00-00.k7tmgae.mongodb.net:27017 to client view of cluster
2024-04-28T14:49:47.265+02:00  INFO 46734 --- [gae.mongodb.net] org.mongodb.driver.cluster               : Adding discovered server ac-xiqn7vl-shard-00-01.k7tmgae.mongodb.net:27017 to client view of cluster
2024-04-28T14:49:50.991+02:00  INFO 46734 --- [ngodb.net:27017] org.mongodb.driver.cluster               : Monitor thread successfully connected to server with description ServerDescription{address=ac-xiqn7vl-shard-00-02.k7tmgae.mongodb.net:27017, type=REPLICA_SET_SECONDARY, state=CONNECTED, ok=true, minWireVersion=0, maxWireVersion=21, maxDocumentSize=16777216, logicalSessionTimeoutMinutes=30, roundTripTimeNanos=2687649042, setName='atlas-os9vit-shard-0', canonicalAddress=ac-xiqn7vl-shard-00-02.k7tmgae.mongodb.net:27017, hosts=[ac-xiqn7vl-shard-00-00.k7tmgae.mongodb.net:27017, ac-xiqn7vl-shard-00-01.k7tmgae.mongodb.net:27017, ac-xiqn7vl-shard-00-02.k7tmgae.mongodb.net:27017], passives=[], arbiters=[], primary='ac-xiqn7vl-shard-00-01.k7tmgae.mongodb.net:27017', tagSet=TagSet{[Tag{name='diskState', value='READY'}, Tag{name='nodeType', value='ELECTABLE'}, Tag{name='provider', value='AZURE'}, Tag{name='region', value='US_EAST_2'}, Tag{name='workloadType', value='OPERATIONAL'}]}, electionId=null, setVersion=8, topologyVersion=TopologyVersion{processId=6621744e925b2af8fac27ef1, counter=3}, lastWriteDate=Sun Apr 28 14:49:50 CEST 2024, lastUpdateTimeNanos=357071272473125}
2024-04-28T14:49:50.992+02:00  INFO 46734 --- [ngodb.net:27017] org.mongodb.driver.cluster               : Monitor thread successfully connected to server with description ServerDescription{address=ac-xiqn7vl-shard-00-01.k7tmgae.mongodb.net:27017, type=REPLICA_SET_PRIMARY, state=CONNECTED, ok=true, minWireVersion=0, maxWireVersion=21, maxDocumentSize=16777216, logicalSessionTimeoutMinutes=30, roundTripTimeNanos=2684578959, setName='atlas-os9vit-shard-0', canonicalAddress=ac-xiqn7vl-shard-00-01.k7tmgae.mongodb.net:27017, hosts=[ac-xiqn7vl-shard-00-00.k7tmgae.mongodb.net:27017, ac-xiqn7vl-shard-00-01.k7tmgae.mongodb.net:27017, ac-xiqn7vl-shard-00-02.k7tmgae.mongodb.net:27017], passives=[], arbiters=[], primary='ac-xiqn7vl-shard-00-01.k7tmgae.mongodb.net:27017', tagSet=TagSet{[Tag{name='diskState', value='READY'}, Tag{name='nodeType', value='ELECTABLE'}, Tag{name='provider', value='AZURE'}, Tag{name='region', value='US_EAST_2'}, Tag{name='workloadType', value='OPERATIONAL'}]}, electionId=7fffffff0000000000000483, setVersion=8, topologyVersion=TopologyVersion{processId=6621724119ae44cf65d0b49a, counter=6}, lastWriteDate=Sun Apr 28 14:49:50 CEST 2024, lastUpdateTimeNanos=357071270788750}
2024-04-28T14:49:50.991+02:00  INFO 46734 --- [ngodb.net:27017] org.mongodb.driver.cluster               : Monitor thread successfully connected to server with description ServerDescription{address=ac-xiqn7vl-shard-00-00.k7tmgae.mongodb.net:27017, type=REPLICA_SET_SECONDARY, state=CONNECTED, ok=true, minWireVersion=0, maxWireVersion=21, maxDocumentSize=16777216, logicalSessionTimeoutMinutes=30, roundTripTimeNanos=2684076917, setName='atlas-os9vit-shard-0', canonicalAddress=ac-xiqn7vl-shard-00-00.k7tmgae.mongodb.net:27017, hosts=[ac-xiqn7vl-shard-00-00.k7tmgae.mongodb.net:27017, ac-xiqn7vl-shard-00-01.k7tmgae.mongodb.net:27017, ac-xiqn7vl-shard-00-02.k7tmgae.mongodb.net:27017], passives=[], arbiters=[], primary='ac-xiqn7vl-shard-00-01.k7tmgae.mongodb.net:27017', tagSet=TagSet{[Tag{name='diskState', value='READY'}, Tag{name='nodeType', value='ELECTABLE'}, Tag{name='provider', value='AZURE'}, Tag{name='region', value='US_EAST_2'}, Tag{name='workloadType', value='OPERATIONAL'}]}, electionId=null, setVersion=8, topologyVersion=TopologyVersion{processId=6621700f73d08e9ad1e67b4a, counter=4}, lastWriteDate=Sun Apr 28 14:49:50 CEST 2024, lastUpdateTimeNanos=357071270495541}
2024-04-28T14:49:51.061+02:00  INFO 46734 --- [ngodb.net:27017] org.mongodb.driver.cluster               : Discovered replica set primary ac-xiqn7vl-shard-00-01.k7tmgae.mongodb.net:27017 with max election id 7fffffff0000000000000483 and max set version 8
2024-04-28T14:49:52.830+02:00  INFO 46734 --- [           main] com.example.hdt.HdtApplicationTests      : Started HdtApplicationTests in 12.014 seconds (process running for 15.762)
[com.example.hdt.models.Patient@578b2dec, com.example.hdt.models.Patient@66863941, com.example.hdt.models.Patient@39f4a7c4, com.example.hdt.models.Patient@111fe921, com.example.hdt.models.Patient@1ff542a3, com.example.hdt.models.Patient@48ee3c2d, com.example.hdt.models.Patient@54387873, com.example.hdt.models.Patient@3a80c534, com.example.hdt.models.Patient@fd5689d, com.example.hdt.models.Patient@36e3321e, com.example.hdt.models.Patient@218f2f51, com.example.hdt.models.Patient@1d9af731, com.example.hdt.models.Patient@39afe59f, com.example.hdt.models.Patient@16f34376, com.example.hdt.models.Patient@4ede035e, com.example.hdt.models.Patient@43756cb, com.example.hdt.models.Patient@4272d8cf, com.example.hdt.models.Patient@4e96cb04, com.example.hdt.models.Patient@70ecf57b, com.example.hdt.models.Patient@4e5364a3, com.example.hdt.models.Patient@1a336906, com.example.hdt.models.Patient@62054faf, com.example.hdt.models.Patient@75d539b9, com.example.hdt.models.Patient@20f63ddc, com.example.hdt.models.Patient@210c1b9d, com.example.hdt.models.Patient@69bc4024, com.example.hdt.models.Patient@3578a45b, com.example.hdt.models.Patient@24f177f5, com.example.hdt.models.Patient@65e05005, com.example.hdt.models.Patient@6ed691fd, com.example.hdt.models.Patient@1efcba00, com.example.hdt.models.Patient@311d28f5, com.example.hdt.models.Patient@569a26ab, com.example.hdt.models.Patient@c190cfc, com.example.hdt.models.Patient@77ce8bc5, com.example.hdt.models.Patient@2fcc5f49, com.example.hdt.models.Patient@28e48b65, com.example.hdt.models.Patient@6cde0c69, com.example.hdt.models.Patient@6f4d2294, com.example.hdt.models.Patient@22361e23, com.example.hdt.models.Patient@2e0516a3, com.example.hdt.models.Patient@32a4ea4e, com.example.hdt.models.Patient@347b370c, com.example.hdt.models.Patient@26aee0a6, com.example.hdt.models.Patient@20184ade, com.example.hdt.models.Patient@35fb3209, com.example.hdt.models.Patient@5855b0ed, com.example.hdt.models.Patient@92fd091, com.example.hdt.models.Patient@6b0325d0]
]]></system-out>
  </testcase>
</testsuite>